2024-11-21 16:41:49 - Starting manual operation...
2024-11-21 16:41:50 - Manual operation completed.
2024-11-21 16:41:50 - Manual operation executed.
2024-11-21 16:41:50 - Starting manual operation...
2024-11-21 16:41:51 - Manual operation completed.
2024-11-21 16:41:51 - Manual operation executed.
2024-11-21 16:41:51 - Starting manual operation...
2024-11-21 16:41:52 - Manual operation completed.
2024-11-21 16:41:52 - Manual operation executed.
2024-11-21 16:41:54 - Starting manual operation...
2024-11-21 16:41:55 - Manual operation completed.
2024-11-21 16:41:55 - Manual operation executed.
2024-11-21 16:43:29 - Starting regular operation...
2024-11-21 16:43:30 - Regular operation completed.
2024-11-21 16:43:30 - Regular operation executed.
2024-11-21 16:43:44 - Starting regular operation...
2024-11-21 16:43:45 - Regular operation completed.
2024-11-21 16:43:45 - Regular operation executed.
2024-11-21 16:44:23 - Starting regular operation...
2024-11-21 16:44:24 - Regular operation completed.
2024-11-21 16:44:24 - Regular operation executed.
2024-11-21 16:44:38 - Starting regular operation...
2024-11-21 16:44:39 - Regular operation completed.
2024-11-21 16:44:39 - Regular operation executed.
2024-11-21 16:44:53 - Starting regular operation...
2024-11-21 16:44:54 - Regular operation completed.
2024-11-21 16:44:54 - Regular operation executed.
2024-11-21 16:46:05 - Starting regular operation...
2024-11-21 16:46:06 - Regular operation completed.
2024-11-21 16:46:06 - Regular operation executed.
2024-11-21 16:46:20 - Starting regular operation...
2024-11-21 16:46:21 - Regular operation completed.
2024-11-21 16:46:21 - Regular operation executed.
2024-11-21 16:46:35 - Starting regular operation...
2024-11-21 16:46:36 - Regular operation completed.
2024-11-21 16:46:36 - Regular operation executed.
2024-11-21 16:50:59 - 2024-11-21 16:50:59 - Starting manual operation...
2024-11-21 16:50:59 - Starting manual operation...
2024-11-21 16:51:00 - Manual operation completed.
2024-11-21 16:51:00 - 2024-11-21 16:51:00 - Manual operation completed.
2024-11-21 16:51:41 - 2024-11-21 16:51:41 - Starting regular operation...
2024-11-21 16:51:41 - Starting regular operation...
2024-11-21 16:51:42 - Regular operation completed.
2024-11-21 16:51:42 - 2024-11-21 16:51:42 - Regular operation completed.
2024-11-21 16:51:48 - 2024-11-21 16:51:48 - Starting manual operation...
2024-11-21 16:51:48 - Starting manual operation...
2024-11-21 16:51:49 - Manual operation completed.
2024-11-21 16:51:49 - 2024-11-21 16:51:49 - Manual operation completed.
2024-11-21 16:51:56 - 2024-11-21 16:51:56 - Starting regular operation...
2024-11-21 16:51:56 - Starting regular operation...
2024-11-21 16:51:57 - Regular operation completed.
2024-11-21 16:51:57 - 2024-11-21 16:51:57 - Regular operation completed.
2024-11-21 16:52:11 - 2024-11-21 16:52:11 - Starting regular operation...
2024-11-21 16:52:11 - Starting regular operation...
2024-11-21 16:52:12 - Regular operation completed.
2024-11-21 16:52:12 - 2024-11-21 16:52:12 - Regular operation completed.
2024-11-21 16:52:26 - 2024-11-21 16:52:26 - Starting regular operation...
2024-11-21 16:52:26 - Starting regular operation...
2024-11-21 16:52:27 - Regular operation completed.
2024-11-21 16:52:27 - 2024-11-21 16:52:27 - Regular operation completed.
2024-11-21 16:52:41 - 2024-11-21 16:52:41 - Starting regular operation...
2024-11-21 16:52:41 - Starting regular operation...
2024-11-21 16:52:42 - Regular operation completed.
2024-11-21 16:52:42 - 2024-11-21 16:52:42 - Regular operation completed.
2024-11-21 16:52:56 - 2024-11-21 16:52:56 - Starting regular operation...
2024-11-21 16:52:56 - Starting regular operation...
2024-11-21 16:52:57 - Regular operation completed.
2024-11-21 16:52:57 - 2024-11-21 16:52:57 - Regular operation completed.
2024-11-21 16:53:11 - 2024-11-21 16:53:11 - Starting regular operation...
2024-11-21 16:53:11 - Starting regular operation...
2024-11-21 16:53:12 - Regular operation completed.
2024-11-21 16:53:12 - 2024-11-21 16:53:12 - Regular operation completed.
2024-11-21 16:53:26 - 2024-11-21 16:53:26 - Starting regular operation...
2024-11-21 16:53:26 - Starting regular operation...
2024-11-21 16:53:27 - Regular operation completed.
2024-11-21 16:53:27 - 2024-11-21 16:53:27 - Regular operation completed.
2024-11-21 16:53:41 - 2024-11-21 16:53:41 - Starting regular operation...
2024-11-21 16:53:41 - Starting regular operation...
2024-11-21 16:53:42 - Regular operation completed.
2024-11-21 16:53:42 - 2024-11-21 16:53:42 - Regular operation completed.
2024-11-21 16:53:56 - 2024-11-21 16:53:56 - Starting regular operation...
2024-11-21 16:53:56 - Starting regular operation...
2024-11-21 16:53:57 - Regular operation completed.
2024-11-21 16:53:57 - 2024-11-21 16:53:57 - Regular operation completed.
2024-11-21 16:54:11 - 2024-11-21 16:54:11 - Starting regular operation...
2024-11-21 16:54:11 - Starting regular operation...
2024-11-21 16:54:12 - Regular operation completed.
2024-11-21 16:54:12 - 2024-11-21 16:54:12 - Regular operation completed.
2024-11-21 16:54:26 - 2024-11-21 16:54:26 - Starting regular operation...
2024-11-21 16:54:26 - Starting regular operation...
2024-11-21 16:54:27 - Regular operation completed.
2024-11-21 16:54:27 - 2024-11-21 16:54:27 - Regular operation completed.
2024-11-21 16:54:41 - 2024-11-21 16:54:41 - Starting regular operation...
2024-11-21 16:54:41 - Starting regular operation...
2024-11-21 16:54:42 - Regular operation completed.
2024-11-21 16:54:42 - 2024-11-21 16:54:42 - Regular operation completed.
2024-11-21 16:54:56 - 2024-11-21 16:54:56 - Starting regular operation...
2024-11-21 16:54:56 - Starting regular operation...
2024-11-21 16:54:57 - Regular operation completed.
2024-11-21 16:54:57 - 2024-11-21 16:54:57 - Regular operation completed.
2024-11-21 16:55:11 - 2024-11-21 16:55:11 - Starting regular operation...
2024-11-21 16:55:11 - Starting regular operation...
2024-11-21 16:55:12 - Regular operation completed.
2024-11-21 16:55:12 - 2024-11-21 16:55:12 - Regular operation completed.
2024-11-21 16:55:26 - 2024-11-21 16:55:26 - Starting regular operation...
2024-11-21 16:55:26 - Starting regular operation...
2024-11-21 16:55:27 - Regular operation completed.
2024-11-21 16:55:27 - 2024-11-21 16:55:27 - Regular operation completed.
2024-11-21 16:55:41 - 2024-11-21 16:55:41 - Starting regular operation...
2024-11-21 16:55:41 - Starting regular operation...
2024-11-21 16:55:42 - Regular operation completed.
2024-11-21 16:55:42 - 2024-11-21 16:55:42 - Regular operation completed.
2024-11-21 16:55:56 - 2024-11-21 16:55:56 - Starting regular operation...
2024-11-21 16:55:56 - Starting regular operation...
2024-11-21 16:55:57 - Regular operation completed.
2024-11-21 16:55:57 - 2024-11-21 16:55:57 - Regular operation completed.
2024-11-21 16:56:11 - 2024-11-21 16:56:11 - Starting regular operation...
2024-11-21 16:56:11 - Starting regular operation...
2024-11-21 16:56:12 - Regular operation completed.
2024-11-21 16:56:12 - 2024-11-21 16:56:12 - Regular operation completed.
2024-11-21 16:56:26 - 2024-11-21 16:56:26 - Starting regular operation...
2024-11-21 16:56:26 - Starting regular operation...
2024-11-21 16:56:27 - Regular operation completed.
2024-11-21 16:56:27 - 2024-11-21 16:56:27 - Regular operation completed.
2024-11-21 16:56:41 - 2024-11-21 16:56:41 - Starting regular operation...
2024-11-21 16:56:41 - Starting regular operation...
2024-11-21 16:56:42 - Regular operation completed.
2024-11-21 16:56:42 - 2024-11-21 16:56:42 - Regular operation completed.
2024-11-21 16:56:56 - 2024-11-21 16:56:56 - Starting regular operation...
2024-11-21 16:56:56 - Starting regular operation...
2024-11-21 16:56:57 - Regular operation completed.
2024-11-21 16:56:57 - 2024-11-21 16:56:57 - Regular operation completed.
2024-11-21 16:57:11 - 2024-11-21 16:57:11 - Starting regular operation...
2024-11-21 16:57:11 - Starting regular operation...
2024-11-21 16:57:12 - Regular operation completed.
2024-11-21 16:57:12 - 2024-11-21 16:57:12 - Regular operation completed.
2024-11-21 16:57:26 - 2024-11-21 16:57:26 - Starting regular operation...
2024-11-21 16:57:26 - Starting regular operation...
2024-11-21 16:57:27 - Regular operation completed.
2024-11-21 16:57:27 - 2024-11-21 16:57:27 - Regular operation completed.
2024-11-21 16:57:41 - 2024-11-21 16:57:41 - Starting regular operation...
2024-11-21 16:57:41 - Starting regular operation...
2024-11-21 16:57:42 - Regular operation completed.
2024-11-21 16:57:42 - 2024-11-21 16:57:42 - Regular operation completed.
2024-11-21 16:57:56 - 2024-11-21 16:57:56 - Starting regular operation...
2024-11-21 16:57:56 - Starting regular operation...
2024-11-21 16:57:57 - Regular operation completed.
2024-11-21 16:57:57 - 2024-11-21 16:57:57 - Regular operation completed.
2024-11-21 16:58:11 - 2024-11-21 16:58:11 - Starting regular operation...
2024-11-21 16:58:11 - Starting regular operation...
2024-11-21 16:58:12 - Regular operation completed.
2024-11-21 16:58:12 - 2024-11-21 16:58:12 - Regular operation completed.
2024-11-21 16:58:26 - 2024-11-21 16:58:26 - Starting regular operation...
2024-11-21 16:58:26 - Starting regular operation...
2024-11-21 16:58:27 - Regular operation completed.
2024-11-21 16:58:27 - 2024-11-21 16:58:27 - Regular operation completed.
2024-11-21 16:58:41 - 2024-11-21 16:58:41 - Starting regular operation...
2024-11-21 16:58:41 - Starting regular operation...
2024-11-21 16:58:42 - Regular operation completed.
2024-11-21 16:58:42 - 2024-11-21 16:58:42 - Regular operation completed.
2024-11-21 16:58:56 - 2024-11-21 16:58:56 - Starting regular operation...
2024-11-21 16:58:56 - Starting regular operation...
2024-11-21 16:58:57 - Regular operation completed.
2024-11-21 16:58:57 - 2024-11-21 16:58:57 - Regular operation completed.
2024-11-21 16:59:11 - 2024-11-21 16:59:11 - Starting regular operation...
2024-11-21 16:59:11 - Starting regular operation...
2024-11-21 16:59:12 - Regular operation completed.
2024-11-21 16:59:12 - 2024-11-21 16:59:12 - Regular operation completed.
2024-11-21 16:59:26 - 2024-11-21 16:59:26 - Starting regular operation...
2024-11-21 16:59:26 - Starting regular operation...
2024-11-21 16:59:27 - Regular operation completed.
2024-11-21 16:59:27 - 2024-11-21 16:59:27 - Regular operation completed.
2024-11-21 16:59:41 - 2024-11-21 16:59:41 - Starting regular operation...
2024-11-21 16:59:41 - Starting regular operation...
2024-11-21 16:59:42 - Regular operation completed.
2024-11-21 16:59:42 - 2024-11-21 16:59:42 - Regular operation completed.
2024-11-21 16:59:56 - 2024-11-21 16:59:56 - Starting regular operation...
2024-11-21 16:59:56 - Starting regular operation...
2024-11-21 16:59:57 - Regular operation completed.
2024-11-21 16:59:57 - 2024-11-21 16:59:57 - Regular operation completed.
2024-11-21 17:00:11 - 2024-11-21 17:00:11 - Starting regular operation...
2024-11-21 17:00:11 - Starting regular operation...
2024-11-21 17:00:12 - Regular operation completed.
2024-11-21 17:00:12 - 2024-11-21 17:00:12 - Regular operation completed.
2024-11-21 17:00:26 - 2024-11-21 17:00:26 - Starting regular operation...
2024-11-21 17:00:26 - Starting regular operation...
2024-11-21 17:00:27 - Regular operation completed.
2024-11-21 17:00:27 - 2024-11-21 17:00:27 - Regular operation completed.
2024-11-21 17:00:41 - 2024-11-21 17:00:41 - Starting regular operation...
2024-11-21 17:00:41 - Starting regular operation...
2024-11-21 17:00:42 - Regular operation completed.
2024-11-21 17:00:42 - 2024-11-21 17:00:42 - Regular operation completed.
2024-11-21 17:00:56 - 2024-11-21 17:00:56 - Starting regular operation...
2024-11-21 17:00:56 - Starting regular operation...
2024-11-21 17:00:57 - Regular operation completed.
2024-11-21 17:00:57 - 2024-11-21 17:00:57 - Regular operation completed.
2024-11-21 17:01:11 - 2024-11-21 17:01:11 - Starting regular operation...
2024-11-21 17:01:11 - Starting regular operation...
2024-11-21 17:01:12 - Regular operation completed.
2024-11-21 17:01:12 - 2024-11-21 17:01:12 - Regular operation completed.
2024-11-21 17:01:26 - 2024-11-21 17:01:26 - Starting regular operation...
2024-11-21 17:01:26 - Starting regular operation...
2024-11-21 17:01:27 - Regular operation completed.
2024-11-21 17:01:27 - 2024-11-21 17:01:27 - Regular operation completed.
2024-11-21 17:01:41 - 2024-11-21 17:01:41 - Starting regular operation...
2024-11-21 17:01:41 - Starting regular operation...
2024-11-21 17:01:42 - Regular operation completed.
2024-11-21 17:01:42 - 2024-11-21 17:01:42 - Regular operation completed.
2024-11-21 17:01:56 - 2024-11-21 17:01:56 - Starting regular operation...
2024-11-21 17:01:56 - Starting regular operation...
2024-11-21 17:01:57 - Regular operation completed.
2024-11-21 17:01:57 - 2024-11-21 17:01:57 - Regular operation completed.
2024-11-21 17:02:11 - 2024-11-21 17:02:11 - Starting regular operation...
2024-11-21 17:02:11 - Starting regular operation...
2024-11-21 17:02:12 - Regular operation completed.
2024-11-21 17:02:12 - 2024-11-21 17:02:12 - Regular operation completed.
2024-11-21 17:30:06 - 2024-11-21 17:30:06 - Executing command: extract
2024-11-21 17:30:06 - Starting operation: extract
2024-11-21 17:30:06 - Completed operation: extract
2024-11-21 17:30:06 - 2024-11-21 17:30:06 - Command executed: extract
2024-11-21 17:30:12 - 2024-11-21 17:30:12 - Executing command: mail
2024-11-21 17:30:12 - Starting operation: mail
2024-11-21 17:30:12 - Completed operation: mail
2024-11-21 17:30:12 - 2024-11-21 17:30:12 - Command executed: mail
2024-11-21 17:30:15 - 2024-11-21 17:30:15 - Starting regular operations...
2024-11-21 17:30:15 - Starting operation: extract
2024-11-21 17:30:15 - Completed operation: extract
2024-11-21 17:30:15 - Starting operation: mail
2024-11-21 17:30:15 - Completed operation: mail
2024-11-21 17:30:15 - Starting operation: test
2024-11-21 17:30:15 - Completed operation: test
2024-11-21 17:30:15 - 2024-11-21 17:30:15 - All regular operations completed.
2024-11-21 17:31:12 - 2024-11-21 17:31:12 - Starting regular operations...
2024-11-21 17:31:12 - Starting operation: extract
2024-11-21 17:31:12 - Completed operation: extract
2024-11-21 17:31:12 - Starting operation: mail
2024-11-21 17:31:12 - Completed operation: mail
2024-11-21 17:31:12 - Starting operation: test
2024-11-21 17:31:12 - Completed operation: test
2024-11-21 17:31:12 - 2024-11-21 17:31:12 - All regular operations completed.
2024-11-21 17:45:59 - 2024-11-21 17:45:59 - Starting regular operations...
2024-11-21 17:45:59 - Starting operation: extract
2024-11-21 17:45:59 - Completed operation: extract
2024-11-21 17:45:59 - Starting operation: mail
2024-11-21 17:45:59 - Completed operation: mail
2024-11-21 17:45:59 - Starting operation: test
2024-11-21 17:45:59 - Completed operation: test
2024-11-21 17:45:59 - 2024-11-21 17:45:59 - All regular operations completed.
